<?xml version="1.0" encoding="UTF-8"?>
<!-- Generated by org.testng.reporters.JUnitReportReporter -->
<testsuite skipped="0" hostname="LAPTOP-25FBABEP" name="com.test.LoginPageTest" tests="4" failures="0" timestamp="26 Apr 2018 01:34:22 GMT" time="1.983" errors="0">
  <testcase name="TestCase1_Login_Verify" time="0.125" classname="com.test.LoginPageTest"/>
  <testcase name="TestCase1_Login_Verify" time="0.803" classname="com.test.LoginPageTest"/>
  <testcase name="TestCase1_Login_Verify" time="0.084" classname="com.test.LoginPageTest"/>
  <testcase name="TestCase1_Login_Verify" time="0.971" classname="com.test.LoginPageTest"/>
</testsuite> <!-- com.test.LoginPageTest -->
