<?xml version="1.0" encoding="UTF-8"?>
<!-- Generated by org.testng.reporters.JUnitReportReporter -->
<testsuite skipped="0" hostname="LAPTOP-25FBABEP" name="com.test.LoginPageTest" tests="4" failures="0" timestamp="25 Apr 2018 15:47:21 GMT" time="2.369" errors="0">
  <testcase name="TestCase1_Login_Verify" time="0.120" classname="com.test.LoginPageTest"/>
  <testcase name="TestCase1_Login_Verify" time="0.067" classname="com.test.LoginPageTest"/>
  <testcase name="TestCase1_Login_Verify" time="1.269" classname="com.test.LoginPageTest"/>
  <testcase name="TestCase1_Login_Verify" time="0.913" classname="com.test.LoginPageTest"/>
</testsuite> <!-- com.test.LoginPageTest -->
