<?xml version="1.0" encoding="UTF-8"?>
<!-- Generated by org.testng.reporters.JUnitReportReporter -->
<testsuite skipped="0" hostname="LAPTOP-25FBABEP" name="com.test.LoginPageTest" tests="4" failures="0" timestamp="25 Apr 2018 16:16:46 GMT" time="2.349" errors="0">
  <testcase name="TestCase1_Login_Verify" time="0.115" classname="com.test.LoginPageTest"/>
  <testcase name="TestCase1_Login_Verify" time="0.082" classname="com.test.LoginPageTest"/>
  <testcase name="TestCase1_Login_Verify" time="1.046" classname="com.test.LoginPageTest"/>
  <testcase name="TestCase1_Login_Verify" time="1.106" classname="com.test.LoginPageTest"/>
</testsuite> <!-- com.test.LoginPageTest -->
