<?xml version="1.0" encoding="UTF-8"?>
<!-- Generated by org.testng.reporters.JUnitReportReporter -->
<testsuite skipped="0" hostname="LAPTOP-25FBABEP" name="com.test.LoginPageTest" tests="4" failures="0" timestamp="26 Apr 2018 01:55:51 GMT" time="2.041" errors="0">
  <testcase name="TestCase1_Login_Verify" time="0.068" classname="com.test.LoginPageTest"/>
  <testcase name="TestCase1_Login_Verify" time="0.063" classname="com.test.LoginPageTest"/>
  <testcase name="TestCase1_Login_Verify" time="0.893" classname="com.test.LoginPageTest"/>
  <testcase name="TestCase1_Login_Verify" time="1.017" classname="com.test.LoginPageTest"/>
</testsuite> <!-- com.test.LoginPageTest -->
